Jan-16 15:45:07.036 [main] DEBUG nextflow.cli.Launcher - $> nextflow run kumo-scrnaseq-nf/ -profile test,awsbatch --outdir FM_pilot_test
Jan-16 15:45:07.189 [main] DEBUG nextflow.cli.CmdRun - N E X T F L O W  ~  version 25.10.2
Jan-16 15:45:07.280 [main] DEBUG nextflow.plugin.PluginsFacade - Setting up plugin manager > mode=prod; embedded=false; plugins-dir=/nf/home/felix.mulenge.ext@bayer.com/.nextflow/plugins; core-plugins: nf-amazon@3.4.2,nf-azure@1.20.2,nf-cloudcache@0.5.0,nf-codecommit@0.5.0,nf-console@1.3.0,nf-google@1.23.3,nf-k8s@1.2.2,nf-tower@1.17.3,nf-wave@1.16.1
Jan-16 15:45:07.344 [main] INFO  o.pf4j.DefaultPluginStatusProvider - Enabled plugins: []
Jan-16 15:45:07.347 [main] INFO  o.pf4j.DefaultPluginStatusProvider - Disabled plugins: []
Jan-16 15:45:07.352 [main] INFO  org.pf4j.DefaultPluginManager - PF4J version 3.12.0 in 'deployment' mode
Jan-16 15:45:07.374 [main] DEBUG nextflow.util.RetryConfig - Missing nextflow session - using default retry config
Jan-16 15:45:07.597 [main] INFO  org.pf4j.AbstractPluginManager - No plugins
Jan-16 15:45:07.614 [main] DEBUG nextflow.scm.ProviderConfig - Using SCM config path: /nf/home/felix.mulenge.ext@bayer.com/.nextflow/scm
Jan-16 15:45:08.370 [main] DEBUG nextflow.scm.ProviderConfig - Detected SCM config: [providers:[github:[user:felixmulenge, password:ghp****]]]
Jan-16 15:45:08.424 [main] DEBUG nextflow.scm.RepositoryFactory - Found Git repository result: [RepositoryFactory]
Jan-16 15:45:08.436 [main] DEBUG nextflow.scm.AssetManager - Listing projects in folder: /nf/home/felix.mulenge.ext@bayer.com/.nextflow/assets
Jan-16 15:45:08.471 [main] INFO  nextflow.cli.CmdRun - Pulling nextflow-io/kumo-scrnaseq-nf ...
Jan-16 15:45:08.487 [main] DEBUG nextflow.scm.RepositoryProvider - Request [credentials fel****:ghp****] -> https://api.github.com/repos/nextflow-io/kumo-scrnaseq-nf/contents/nextflow.config
Jan-16 15:45:08.954 [main] DEBUG nextflow.scm.RepositoryProvider - Response status: 404 -- [123, 34, 109, 101, 115, 115, 97, 103, 101, 34, 58, 34, 78, 111, 116, 32, 70, 111, 117, 110, 100, 34, 44, 34, 100, 111, 99, 117, 109, 101, 110, 116, 97, 116, 105, 111, 110, 95, 117, 114, 108, 34, 58, 34, 104, 116, 116, 112, 115, 58, 47, 47, 100, 111, 99, 115, 46, 103, 105, 116, 104, 117, 98, 46, 99, 111, 109, 47, 114, 101, 115, 116, 47, 114, 101, 112, 111, 115, 47, 99, 111, 110, 116, 101, 110, 116, 115, 35, 103, 101, 116, 45, 114, 101, 112, 111, 115, 105, 116, 111, 114, 121, 45, 99, 111, 110, 116, 101, 110, 116, 34, 44, 34, 115, 116, 97, 116, 117, 115, 34, 58, 34, 52, 48, 52, 34, 125]
Jan-16 15:45:08.958 [main] WARN  nextflow.scm.AssetManager - Cannot read project manifest -- Cause: Remote resource not found: https://api.github.com/repos/nextflow-io/kumo-scrnaseq-nf/contents/nextflow.config
nextflow.exception.AbortOperationException: Remote resource not found: https://api.github.com/repos/nextflow-io/kumo-scrnaseq-nf/contents/nextflow.config
	at nextflow.scm.RepositoryProvider.checkResponse(RepositoryProvider.groovy:309)
	at nextflow.scm.RepositoryProvider.invokeBytes(RepositoryProvider.groovy:255)
	at nextflow.scm.RepositoryProvider.invoke(RepositoryProvider.groovy:238)
	at nextflow.scm.RepositoryProvider.memoizedMethodPriv$invokeAndParseResponseString(RepositoryProvider.groovy:380)
	at java.base/jdk.internal.reflect.DirectMethodHandleAccessor.invoke(DirectMethodHandleAccessor.java:103)
	at java.base/java.lang.reflect.Method.invoke(Method.java:580)
	at org.codehaus.groovy.reflection.CachedMethod.invoke(CachedMethod.java:343)
	at groovy.lang.MetaMethod.doMethodInvoke(MetaMethod.java:328)
	at groovy.lang.MetaClassImpl.doInvokeMethod(MetaClassImpl.java:1339)
	at groovy.lang.MetaClassImpl.invokeMethod(MetaClassImpl.java:1094)
	at groovy.lang.MetaClassImpl.invokeMethod(MetaClassImpl.java:1007)
	at org.codehaus.groovy.runtime.InvokerHelper.invokePogoMethod(InvokerHelper.java:645)
	at org.codehaus.groovy.runtime.InvokerHelper.invokeMethod(InvokerHelper.java:628)
	at org.codehaus.groovy.runtime.InvokerHelper.invokeMethodSafe(InvokerHelper.java:82)
	at nextflow.scm.RepositoryProvider$_closure3.doCall(RepositoryProvider.groovy)
	at java.base/jdk.internal.reflect.DirectMethodHandleAccessor.invoke(DirectMethodHandleAccessor.java:103)
	at java.base/java.lang.reflect.Method.invoke(Method.java:580)
	at org.codehaus.groovy.reflection.CachedMethod.invoke(CachedMethod.java:343)
	at groovy.lang.MetaMethod.doMethodInvoke(MetaMethod.java:328)
	at org.codehaus.groovy.runtime.metaclass.ClosureMetaClass.invokeMethod(ClosureMetaClass.java:280)
	at groovy.lang.MetaClassImpl.invokeMethod(MetaClassImpl.java:1007)
	at groovy.lang.Closure.call(Closure.java:433)
	at org.codehaus.groovy.runtime.memoize.Memoize$MemoizeFunction.lambda$call$0(Memoize.java:137)
	at org.codehaus.groovy.runtime.memoize.ConcurrentCommonCache.getAndPut(ConcurrentCommonCache.java:137)
	at org.codehaus.groovy.runtime.memoize.ConcurrentCommonCache.getAndPut(ConcurrentCommonCache.java:113)
	at org.codehaus.groovy.runtime.memoize.Memoize$MemoizeFunction.call(Memoize.java:136)
	at groovy.lang.Closure.call(Closure.java:422)
	at nextflow.scm.RepositoryProvider.invokeAndParseResponse(RepositoryProvider.groovy)
	at nextflow.scm.GithubRepositoryProvider.readBytes(GithubRepositoryProvider.groovy:116)
	at nextflow.scm.RepositoryProvider.readText(RepositoryProvider.groovy:425)
	at nextflow.scm.AssetManager.getManifest0(AssetManager.groovy:448)
	at nextflow.scm.AssetManager.memoizedMethodPriv$getManifest(AssetManager.groovy:441)
	at java.base/jdk.internal.reflect.DirectMethodHandleAccessor.invoke(DirectMethodHandleAccessor.java:103)
	at java.base/java.lang.reflect.Method.invoke(Method.java:580)
	at org.codehaus.groovy.reflection.CachedMethod.invoke(CachedMethod.java:343)
	at groovy.lang.MetaMethod.doMethodInvoke(MetaMethod.java:328)
	at groovy.lang.MetaClassImpl.doInvokeMethod(MetaClassImpl.java:1339)
	at groovy.lang.MetaClassImpl.invokeMethod(MetaClassImpl.java:1094)
	at groovy.lang.MetaClassImpl.invokeMethod(MetaClassImpl.java:1007)
	at org.codehaus.groovy.runtime.InvokerHelper.invokePogoMethod(InvokerHelper.java:645)
	at org.codehaus.groovy.runtime.InvokerHelper.invokeMethod(InvokerHelper.java:628)
	at org.codehaus.groovy.runtime.InvokerHelper.invokeMethodSafe(InvokerHelper.java:82)
	at nextflow.scm.AssetManager$_closure2.doCall(AssetManager.groovy)
	at nextflow.scm.AssetManager$_closure2.doCall(AssetManager.groovy)
	at java.base/jdk.internal.reflect.DirectMethodHandleAccessor.invoke(DirectMethodHandleAccessor.java:103)
	at java.base/java.lang.reflect.Method.invoke(Method.java:580)
	at org.codehaus.groovy.reflection.CachedMethod.invoke(CachedMethod.java:343)
	at groovy.lang.MetaMethod.doMethodInvoke(MetaMethod.java:328)
	at org.codehaus.groovy.runtime.metaclass.ClosureMetaClass.invokeMethod(ClosureMetaClass.java:280)
	at groovy.lang.MetaClassImpl.invokeMethod(MetaClassImpl.java:1007)
	at groovy.lang.Closure.call(Closure.java:433)
	at org.codehaus.groovy.runtime.memoize.Memoize$MemoizeFunction.lambda$call$0(Memoize.java:137)
	at org.codehaus.groovy.runtime.memoize.ConcurrentCommonCache.getAndPut(ConcurrentCommonCache.java:137)
	at org.codehaus.groovy.runtime.memoize.ConcurrentCommonCache.getAndPut(ConcurrentCommonCache.java:113)
	at org.codehaus.groovy.runtime.memoize.Memoize$MemoizeFunction.call(Memoize.java:136)
	at groovy.lang.Closure.call(Closure.java:412)
	at nextflow.scm.AssetManager.getManifest(AssetManager.groovy)
	at nextflow.scm.AssetManager.getMainScriptName(AssetManager.groovy:415)
	at nextflow.scm.AssetManager.checkValidRemoteRepo(AssetManager.groovy:373)
	at nextflow.scm.AssetManager.download(AssetManager.groovy:591)
	at nextflow.cli.CmdRun.getScriptFile0(CmdRun.groovy:641)
	at nextflow.cli.CmdRun.getScriptFile(CmdRun.groovy:574)
	at nextflow.cli.CmdRun.run(CmdRun.groovy:329)
	at nextflow.cli.Launcher.run(Launcher.groovy:515)
	at nextflow.cli.Launcher.main(Launcher.groovy:675)
Jan-16 15:45:08.993 [main] DEBUG nextflow.scm.RepositoryProvider - Request [credentials fel****:ghp****] -> https://api.github.com/repos/nextflow-io/kumo-scrnaseq-nf/contents/main.nf
Jan-16 15:45:09.127 [main] DEBUG nextflow.scm.RepositoryProvider - Response status: 404 -- [123, 34, 109, 101, 115, 115, 97, 103, 101, 34, 58, 34, 78, 111, 116, 32, 70, 111, 117, 110, 100, 34, 44, 34, 100, 111, 99, 117, 109, 101, 110, 116, 97, 116, 105, 111, 110, 95, 117, 114, 108, 34, 58, 34, 104, 116, 116, 112, 115, 58, 47, 47, 100, 111, 99, 115, 46, 103, 105, 116, 104, 117, 98, 46, 99, 111, 109, 47, 114, 101, 115, 116, 47, 114, 101, 112, 111, 115, 47, 99, 111, 110, 116, 101, 110, 116, 115, 35, 103, 101, 116, 45, 114, 101, 112, 111, 115, 105, 116, 111, 114, 121, 45, 99, 111, 110, 116, 101, 110, 116, 34, 44, 34, 115, 116, 97, 116, 117, 115, 34, 58, 34, 52, 48, 52, 34, 125]
Jan-16 15:45:09.134 [main] DEBUG nextflow.cli.Launcher - Operation aborted
nextflow.exception.AbortOperationException: Remote resource not found: https://api.github.com/repos/nextflow-io/kumo-scrnaseq-nf/contents/main.nf
	at nextflow.scm.RepositoryProvider.checkResponse(RepositoryProvider.groovy:309)
	at nextflow.scm.RepositoryProvider.invokeBytes(RepositoryProvider.groovy:255)
	at nextflow.scm.RepositoryProvider.invoke(RepositoryProvider.groovy:238)
	at nextflow.scm.RepositoryProvider.memoizedMethodPriv$invokeAndParseResponseString(RepositoryProvider.groovy:380)
	at java.base/jdk.internal.reflect.DirectMethodHandleAccessor.invoke(DirectMethodHandleAccessor.java:103)
	at java.base/java.lang.reflect.Method.invoke(Method.java:580)
	at org.codehaus.groovy.reflection.CachedMethod.invoke(CachedMethod.java:343)
	at groovy.lang.MetaMethod.doMethodInvoke(MetaMethod.java:328)
	at groovy.lang.MetaClassImpl.doInvokeMethod(MetaClassImpl.java:1339)
	at groovy.lang.MetaClassImpl.invokeMethod(MetaClassImpl.java:1094)
	at groovy.lang.MetaClassImpl.invokeMethod(MetaClassImpl.java:1007)
	at org.codehaus.groovy.runtime.InvokerHelper.invokePogoMethod(InvokerHelper.java:645)
	at org.codehaus.groovy.runtime.InvokerHelper.invokeMethod(InvokerHelper.java:628)
	at org.codehaus.groovy.runtime.InvokerHelper.invokeMethodSafe(InvokerHelper.java:82)
	at nextflow.scm.RepositoryProvider$_closure3.doCall(RepositoryProvider.groovy)
	at java.base/jdk.internal.reflect.DirectMethodHandleAccessor.invoke(DirectMethodHandleAccessor.java:103)
	at java.base/java.lang.reflect.Method.invoke(Method.java:580)
	at org.codehaus.groovy.reflection.CachedMethod.invoke(CachedMethod.java:343)
	at groovy.lang.MetaMethod.doMethodInvoke(MetaMethod.java:328)
	at org.codehaus.groovy.runtime.metaclass.ClosureMetaClass.invokeMethod(ClosureMetaClass.java:280)
	at groovy.lang.MetaClassImpl.invokeMethod(MetaClassImpl.java:1007)
	at groovy.lang.Closure.call(Closure.java:433)
	at org.codehaus.groovy.runtime.memoize.Memoize$MemoizeFunction.lambda$call$0(Memoize.java:137)
	at org.codehaus.groovy.runtime.memoize.ConcurrentCommonCache.getAndPut(ConcurrentCommonCache.java:137)
	at org.codehaus.groovy.runtime.memoize.ConcurrentCommonCache.getAndPut(ConcurrentCommonCache.java:113)
	at org.codehaus.groovy.runtime.memoize.Memoize$MemoizeFunction.call(Memoize.java:136)
	at groovy.lang.Closure.call(Closure.java:422)
	at nextflow.scm.RepositoryProvider.invokeAndParseResponse(RepositoryProvider.groovy)
	at nextflow.scm.GithubRepositoryProvider.readBytes(GithubRepositoryProvider.groovy:116)
	at nextflow.scm.RepositoryProvider.validateFor(RepositoryProvider.groovy:438)
	at nextflow.scm.AssetManager.checkValidRemoteRepo(AssetManager.groovy:374)
	at nextflow.scm.AssetManager.download(AssetManager.groovy:591)
	at nextflow.cli.CmdRun.getScriptFile0(CmdRun.groovy:641)
	at nextflow.cli.CmdRun.getScriptFile(CmdRun.groovy:574)
	at nextflow.cli.CmdRun.run(CmdRun.groovy:329)
	at nextflow.cli.Launcher.run(Launcher.groovy:515)
	at nextflow.cli.Launcher.main(Launcher.groovy:675)
